2026-06-15 01:11:55,118 [INFO] [MainThread] [root/api.py:69]: Fetching new weather data at 2026-06-15 01:11:55.118170
2026-06-15 01:11:55,127 [WARNING] [MainThread] [root/weather.py:517]: Error processing weather data: Invalid isoformat string: '09/06/2026 16:00:00'. Retrying fetch in 10 seconds.
2026-06-15 01:11:55,129 [WARNING] [MainThread] [root/weather.py:517]: Error processing weather data: Invalid isoformat string: '09/06/2026 16:00:00'. Retrying fetch in 10 seconds.
2026-06-15 01:11:55,134 [INFO] [MainThread] [root/api.py:69]: Fetching new weather data at 2026-06-15 01:11:55.134304
2026-06-15 01:12:05,180 [INFO] [MainThread] [root/api.py:69]: Fetching new weather data at 2026-06-15 01:12:05.180272
2026-06-15 01:12:05,180 [WARNING] [MainThread] [root/weather.py:517]: Error processing weather data: Invalid isoformat string: '09/06/2026 16:00:00'. Retrying fetch in 10 seconds.
2026-06-15 01:12:05,182 [WARNING] [MainThread] [root/weather.py:517]: Error processing weather data: Invalid isoformat string: '09/06/2026 16:00:00'. Retrying fetch in 10 seconds.
2026-06-15 01:12:05,200 [INFO] [MainThread] [root/api.py:69]: Fetching new weather data at 2026-06-15 01:12:05.200689
2026-06-15 01:12:15,245 [INFO] [MainThread] [root/api.py:69]: Fetching new weather data at 2026-06-15 01:12:15.245527
2026-06-15 01:12:15,246 [WARNING] [MainThread] [root/weather.py:517]: Error processing weather data: Invalid isoformat string: '09/06/2026 16:00:00'. Retrying fetch in 10 seconds.
2026-06-15 01:12:15,249 [WARNING] [MainThread] [root/weather.py:517]: Error processing weather data: Invalid isoformat string: '09/06/2026 16:00:00'. Retrying fetch in 10 seconds.
2026-06-15 01:12:15,253 [INFO] [MainThread] [root/api.py:69]: Fetching new weather data at 2026-06-15 01:12:15.253035
2026-06-15 01:12:25,310 [INFO] [MainThread] [root/api.py:69]: Fetching new weather data at 2026-06-15 01:12:25.310911
2026-06-15 01:12:25,311 [WARNING] [MainThread] [root/weather.py:517]: Error processing weather data: Invalid isoformat string: '09/06/2026 16:00:00'. Retrying fetch in 10 seconds.
2026-06-15 01:12:25,313 [WARNING] [MainThread] [root/weather.py:517]: Error processing weather data: Invalid isoformat string: '09/06/2026 16:00:00'. Retrying fetch in 10 seconds.
2026-06-15 01:12:25,317 [INFO] [MainThread] [root/api.py:69]: Fetching new weather data at 2026-06-15 01:12:25.317413
2026-06-15 01:12:35,368 [INFO] [MainThread] [root/api.py:69]: Fetching new weather data at 2026-06-15 01:12:35.368688
2026-06-15 01:12:35,369 [WARNING] [MainThread] [root/weather.py:517]: Error processing weather data: Invalid isoformat string: '09/06/2026 16:00:00'. Retrying fetch in 10 seconds.
2026-06-15 01:12:35,370 [WARNING] [MainThread] [root/weather.py:517]: Error processing weather data: Invalid isoformat string: '09/06/2026 16:00:00'. Retrying fetch in 10 seconds.
2026-06-15 01:12:35,374 [INFO] [MainThread] [root/api.py:69]: Fetching new weather data at 2026-06-15 01:12:35.374711
2026-06-15 01:12:45,429 [INFO] [MainThread] [root/api.py:69]: Fetching new weather data at 2026-06-15 01:12:45.429579
2026-06-15 01:12:45,429 [WARNING] [MainThread] [root/weather.py:517]: Error processing weather data: Invalid isoformat string: '09/06/2026 16:00:00'. Retrying fetch in 10 seconds.
2026-06-15 01:12:45,432 [WARNING] [MainThread] [root/weather.py:517]: Error processing weather data: Invalid isoformat string: '09/06/2026 16:00:00'. Retrying fetch in 10 seconds.
2026-06-15 01:12:45,435 [INFO] [MainThread] [root/api.py:69]: Fetching new weather data at 2026-06-15 01:12:45.435980
2026-06-15 01:12:55,499 [INFO] [MainThread] [root/api.py:69]: Fetching new weather data at 2026-06-15 01:12:55.498106
2026-06-15 01:12:55,499 [WARNING] [MainThread] [root/weather.py:517]: Error processing weather data: Invalid isoformat string: '09/06/2026 16:00:00'. Retrying fetch in 10 seconds.
2026-06-15 01:12:55,501 [WARNING] [MainThread] [root/weather.py:517]: Error processing weather data: Invalid isoformat string: '09/06/2026 16:00:00'. Retrying fetch in 10 seconds.
2026-06-15 01:12:55,503 [INFO] [MainThread] [root/api.py:69]: Fetching new weather data at 2026-06-15 01:12:55.503299
2026-06-15 01:13:05,563 [INFO] [MainThread] [root/api.py:69]: Fetching new weather data at 2026-06-15 01:13:05.562091
2026-06-15 01:13:05,563 [WARNING] [MainThread] [root/weather.py:517]: Error processing weather data: Invalid isoformat string: '09/06/2026 16:00:00'. Retrying fetch in 10 seconds.
2026-06-15 01:13:05,566 [WARNING] [MainThread] [root/weather.py:517]: Error processing weather data: Invalid isoformat string: '09/06/2026 16:00:00'. Retrying fetch in 10 seconds.
2026-06-15 01:13:05,572 [INFO] [MainThread] [root/api.py:69]: Fetching new weather data at 2026-06-15 01:13:05.572082
2026-06-15 01:13:15,610 [INFO] [MainThread] [root/api.py:69]: Fetching new weather data at 2026-06-15 01:13:15.610394
2026-06-15 01:13:15,611 [WARNING] [MainThread] [root/weather.py:517]: Error processing weather data: Invalid isoformat string: '09/06/2026 16:00:00'. Retrying fetch in 10 seconds.
2026-06-15 01:13:15,613 [WARNING] [MainThread] [root/weather.py:517]: Error processing weather data: Invalid isoformat string: '09/06/2026 16:00:00'. Retrying fetch in 10 seconds.
2026-06-15 01:13:15,633 [INFO] [MainThread] [root/api.py:69]: Fetching new weather data at 2026-06-15 01:13:15.633370
2026-06-15 01:13:25,670 [INFO] [MainThread] [root/api.py:69]: Fetching new weather data at 2026-06-15 01:13:25.670309
2026-06-15 01:13:25,670 [WARNING] [MainThread] [root/weather.py:517]: Error processing weather data: Invalid isoformat string: '09/06/2026 16:00:00'. Retrying fetch in 10 seconds.
2026-06-15 01:13:25,672 [WARNING] [MainThread] [root/weather.py:517]: Error processing weather data: Invalid isoformat string: '09/06/2026 16:00:00'. Retrying fetch in 10 seconds.
2026-06-15 01:13:25,682 [INFO] [MainThread] [root/api.py:69]: Fetching new weather data at 2026-06-15 01:13:25.682683
2026-06-15 01:13:35,733 [INFO] [MainThread] [root/api.py:69]: Fetching new weather data at 2026-06-15 01:13:35.733585
2026-06-15 01:13:35,733 [WARNING] [MainThread] [root/weather.py:517]: Error processing weather data: Invalid isoformat string: '09/06/2026 16:00:00'. Retrying fetch in 10 seconds.
2026-06-15 01:13:35,735 [WARNING] [MainThread] [root/weather.py:517]: Error processing weather data: Invalid isoformat string: '09/06/2026 16:00:00'. Retrying fetch in 10 seconds.
2026-06-15 01:13:35,739 [INFO] [MainThread] [root/api.py:69]: Fetching new weather data at 2026-06-15 01:13:35.739585
2026-06-15 01:13:45,793 [INFO] [MainThread] [root/api.py:69]: Fetching new weather data at 2026-06-15 01:13:45.793660
2026-06-15 01:13:45,793 [WARNING] [MainThread] [root/weather.py:517]: Error processing weather data: Invalid isoformat string: '09/06/2026 16:00:00'. Retrying fetch in 10 seconds.
2026-06-15 01:13:45,796 [WARNING] [MainThread] [root/weather.py:517]: Error processing weather data: Invalid isoformat string: '09/06/2026 16:00:00'. Retrying fetch in 10 seconds.
2026-06-15 01:13:45,799 [INFO] [MainThread] [root/api.py:69]: Fetching new weather data at 2026-06-15 01:13:45.799171
2026-06-15 01:13:55,853 [INFO] [MainThread] [root/api.py:69]: Fetching new weather data at 2026-06-15 01:13:55.853706
2026-06-15 01:13:55,853 [WARNING] [MainThread] [root/weather.py:517]: Error processing weather data: Invalid isoformat string: '09/06/2026 16:00:00'. Retrying fetch in 10 seconds.
2026-06-15 01:13:55,856 [WARNING] [MainThread] [root/weather.py:517]: Error processing weather data: Invalid isoformat string: '09/06/2026 16:00:00'. Retrying fetch in 10 seconds.
2026-06-15 01:13:55,860 [INFO] [MainThread] [root/api.py:69]: Fetching new weather data at 2026-06-15 01:13:55.860749
2026-06-15 01:14:06,085 [INFO] [MainThread] [root/api.py:69]: Fetching new weather data at 2026-06-15 01:14:06.085448
2026-06-15 01:14:06,086 [WARNING] [MainThread] [root/weather.py:517]: Error processing weather data: Invalid isoformat string: '09/06/2026 16:00:00'. Retrying fetch in 10 seconds.
2026-06-15 01:14:06,088 [WARNING] [MainThread] [root/weather.py:517]: Error processing weather data: Invalid isoformat string: '09/06/2026 16:00:00'. Retrying fetch in 10 seconds.
2026-06-15 01:14:06,234 [INFO] [MainThread] [root/api.py:69]: Fetching new weather data at 2026-06-15 01:14:06.234642
2026-06-15 01:14:16,152 [INFO] [MainThread] [root/api.py:69]: Fetching new weather data at 2026-06-15 01:14:16.152306
2026-06-15 01:14:16,152 [WARNING] [MainThread] [root/weather.py:517]: Error processing weather data: Invalid isoformat string: '09/06/2026 16:00:00'. Retrying fetch in 10 seconds.
2026-06-15 01:14:16,154 [WARNING] [MainThread] [root/weather.py:517]: Error processing weather data: Invalid isoformat string: '09/06/2026 16:00:00'. Retrying fetch in 10 seconds.
2026-06-15 01:14:16,158 [INFO] [MainThread] [root/api.py:69]: Fetching new weather data at 2026-06-15 01:14:16.158308
2026-06-15 01:14:26,202 [INFO] [MainThread] [root/api.py:69]: Fetching new weather data at 2026-06-15 01:14:26.202623
2026-06-15 01:14:26,204 [WARNING] [MainThread] [root/weather.py:517]: Error processing weather data: Invalid isoformat string: '09/06/2026 16:00:00'. Retrying fetch in 10 seconds.
2026-06-15 01:14:26,206 [WARNING] [MainThread] [root/weather.py:517]: Error processing weather data: Invalid isoformat string: '09/06/2026 16:00:00'. Retrying fetch in 10 seconds.
2026-06-15 01:14:26,210 [INFO] [MainThread] [root/api.py:69]: Fetching new weather data at 2026-06-15 01:14:26.210134
2026-06-15 01:14:36,258 [INFO] [MainThread] [root/api.py:69]: Fetching new weather data at 2026-06-15 01:14:36.258996
2026-06-15 01:14:36,259 [WARNING] [MainThread] [root/weather.py:517]: Error processing weather data: Invalid isoformat string: '09/06/2026 16:00:00'. Retrying fetch in 10 seconds.
2026-06-15 01:14:36,260 [WARNING] [MainThread] [root/weather.py:517]: Error processing weather data: Invalid isoformat string: '09/06/2026 16:00:00'. Retrying fetch in 10 seconds.
2026-06-15 01:14:36,269 [INFO] [MainThread] [root/api.py:69]: Fetching new weather data at 2026-06-15 01:14:36.269692
2026-06-15 01:14:46,312 [INFO] [MainThread] [root/api.py:69]: Fetching new weather data at 2026-06-15 01:14:46.312042
2026-06-15 01:14:46,312 [WARNING] [MainThread] [root/weather.py:517]: Error processing weather data: Invalid isoformat string: '09/06/2026 16:00:00'. Retrying fetch in 10 seconds.
2026-06-15 01:14:46,314 [WARNING] [MainThread] [root/weather.py:517]: Error processing weather data: Invalid isoformat string: '09/06/2026 16:00:00'. Retrying fetch in 10 seconds.
2026-06-15 01:14:46,318 [INFO] [MainThread] [root/api.py:69]: Fetching new weather data at 2026-06-15 01:14:46.318551
2026-06-15 01:14:56,363 [INFO] [MainThread] [root/api.py:69]: Fetching new weather data at 2026-06-15 01:14:56.363013
2026-06-15 01:14:56,364 [WARNING] [MainThread] [root/weather.py:517]: Error processing weather data: Invalid isoformat string: '09/06/2026 16:00:00'. Retrying fetch in 10 seconds.
2026-06-15 01:14:56,366 [WARNING] [MainThread] [root/weather.py:517]: Error processing weather data: Invalid isoformat string: '09/06/2026 16:00:00'. Retrying fetch in 10 seconds.
2026-06-15 01:14:56,369 [INFO] [MainThread] [root/api.py:69]: Fetching new weather data at 2026-06-15 01:14:56.368021
2026-06-15 01:15:06,426 [INFO] [MainThread] [root/api.py:69]: Fetching new weather data at 2026-06-15 01:15:06.426238
2026-06-15 01:15:06,427 [WARNING] [MainThread] [root/weather.py:517]: Error processing weather data: Invalid isoformat string: '09/06/2026 16:00:00'. Retrying fetch in 10 seconds.
2026-06-15 01:15:06,429 [WARNING] [MainThread] [root/weather.py:517]: Error processing weather data: Invalid isoformat string: '09/06/2026 16:00:00'. Retrying fetch in 10 seconds.
2026-06-15 01:15:06,431 [INFO] [MainThread] [root/api.py:69]: Fetching new weather data at 2026-06-15 01:15:06.431735
2026-06-15 01:15:16,493 [INFO] [MainThread] [root/api.py:69]: Fetching new weather data at 2026-06-15 01:15:16.493165
2026-06-15 01:15:16,493 [WARNING] [MainThread] [root/weather.py:517]: Error processing weather data: Invalid isoformat string: '09/06/2026 16:00:00'. Retrying fetch in 10 seconds.
2026-06-15 01:15:16,495 [WARNING] [MainThread] [root/weather.py:517]: Error processing weather data: Invalid isoformat string: '09/06/2026 16:00:00'. Retrying fetch in 10 seconds.
2026-06-15 01:15:16,499 [INFO] [MainThread] [root/api.py:69]: Fetching new weather data at 2026-06-15 01:15:16.499170
2026-06-15 01:15:26,550 [INFO] [MainThread] [root/api.py:69]: Fetching new weather data at 2026-06-15 01:15:26.550555
2026-06-15 01:15:26,551 [WARNING] [MainThread] [root/weather.py:517]: Error processing weather data: Invalid isoformat string: '09/06/2026 16:00:00'. Retrying fetch in 10 seconds.
2026-06-15 01:15:26,553 [WARNING] [MainThread] [root/weather.py:517]: Error processing weather data: Invalid isoformat string: '09/06/2026 16:00:00'. Retrying fetch in 10 seconds.
2026-06-15 01:15:26,556 [INFO] [MainThread] [root/api.py:69]: Fetching new weather data at 2026-06-15 01:15:26.556539
2026-06-15 01:15:36,622 [INFO] [MainThread] [root/api.py:69]: Fetching new weather data at 2026-06-15 01:15:36.622841
2026-06-15 01:15:36,625 [WARNING] [MainThread] [root/weather.py:517]: Error processing weather data: Invalid isoformat string: '09/06/2026 16:00:00'. Retrying fetch in 10 seconds.
2026-06-15 01:15:36,626 [WARNING] [MainThread] [root/weather.py:517]: Error processing weather data: Invalid isoformat string: '09/06/2026 16:00:00'. Retrying fetch in 10 seconds.
2026-06-15 01:15:36,631 [INFO] [MainThread] [root/api.py:69]: Fetching new weather data at 2026-06-15 01:15:36.631346
2026-06-15 01:15:46,677 [INFO] [MainThread] [root/api.py:69]: Fetching new weather data at 2026-06-15 01:15:46.677890
2026-06-15 01:15:46,678 [WARNING] [MainThread] [root/weather.py:517]: Error processing weather data: Invalid isoformat string: '09/06/2026 16:00:00'. Retrying fetch in 10 seconds.
2026-06-15 01:15:46,680 [WARNING] [MainThread] [root/weather.py:517]: Error processing weather data: Invalid isoformat string: '09/06/2026 16:00:00'. Retrying fetch in 10 seconds.
2026-06-15 01:15:46,685 [INFO] [MainThread] [root/api.py:69]: Fetching new weather data at 2026-06-15 01:15:46.685415
2026-06-15 01:15:56,756 [INFO] [MainThread] [root/api.py:69]: Fetching new weather data at 2026-06-15 01:15:56.756999
2026-06-15 01:15:56,756 [WARNING] [MainThread] [root/weather.py:517]: Error processing weather data: Invalid isoformat string: '09/06/2026 16:00:00'. Retrying fetch in 10 seconds.
2026-06-15 01:15:56,759 [WARNING] [MainThread] [root/weather.py:517]: Error processing weather data: Invalid isoformat string: '09/06/2026 16:00:00'. Retrying fetch in 10 seconds.
2026-06-15 01:15:56,763 [INFO] [MainThread] [root/api.py:69]: Fetching new weather data at 2026-06-15 01:15:56.763527
2026-06-15 01:16:06,825 [INFO] [MainThread] [root/api.py:69]: Fetching new weather data at 2026-06-15 01:16:06.825996
2026-06-15 01:16:06,825 [WARNING] [MainThread] [root/weather.py:517]: Error processing weather data: Invalid isoformat string: '09/06/2026 16:00:00'. Retrying fetch in 10 seconds.
2026-06-15 01:16:06,827 [WARNING] [MainThread] [root/weather.py:517]: Error processing weather data: Invalid isoformat string: '09/06/2026 16:00:00'. Retrying fetch in 10 seconds.
2026-06-15 01:16:06,831 [INFO] [MainThread] [root/api.py:69]: Fetching new weather data at 2026-06-15 01:16:06.831990
2026-06-15 01:16:16,883 [INFO] [MainThread] [root/api.py:69]: Fetching new weather data at 2026-06-15 01:16:16.883675
2026-06-15 01:16:16,884 [WARNING] [MainThread] [root/weather.py:517]: Error processing weather data: Invalid isoformat string: '09/06/2026 16:00:00'. Retrying fetch in 10 seconds.
2026-06-15 01:16:16,886 [WARNING] [MainThread] [root/weather.py:517]: Error processing weather data: Invalid isoformat string: '09/06/2026 16:00:00'. Retrying fetch in 10 seconds.
2026-06-15 01:16:16,889 [INFO] [MainThread] [root/api.py:69]: Fetching new weather data at 2026-06-15 01:16:16.889653
2026-06-15 01:16:26,942 [INFO] [MainThread] [root/api.py:69]: Fetching new weather data at 2026-06-15 01:16:26.942431
2026-06-15 01:16:26,943 [WARNING] [MainThread] [root/weather.py:517]: Error processing weather data: Invalid isoformat string: '09/06/2026 16:00:00'. Retrying fetch in 10 seconds.
2026-06-15 01:16:26,945 [WARNING] [MainThread] [root/weather.py:517]: Error processing weather data: Invalid isoformat string: '09/06/2026 16:00:00'. Retrying fetch in 10 seconds.
2026-06-15 01:16:26,949 [INFO] [MainThread] [root/api.py:69]: Fetching new weather data at 2026-06-15 01:16:26.949949
2026-06-15 01:16:37,006 [INFO] [MainThread] [root/api.py:69]: Fetching new weather data at 2026-06-15 01:16:37.006945
2026-06-15 01:16:37,008 [WARNING] [MainThread] [root/weather.py:517]: Error processing weather data: Invalid isoformat string: '09/06/2026 16:00:00'. Retrying fetch in 10 seconds.
2026-06-15 01:16:37,010 [WARNING] [MainThread] [root/weather.py:517]: Error processing weather data: Invalid isoformat string: '09/06/2026 16:00:00'. Retrying fetch in 10 seconds.
2026-06-15 01:16:37,015 [INFO] [MainThread] [root/api.py:69]: Fetching new weather data at 2026-06-15 01:16:37.015954
2026-06-15 01:16:43,874 [INFO] [MainThread] [root/bar_manager.py:92]: Stopping KomorebiEventListener...
2026-06-15 01:16:43,875 [INFO] [MainThread] [root/bar_manager.py:92]: Stopping SystemEventListener...
2026-06-15 01:16:43,907 [INFO] [Dummy-5] [root/event_listener.py:92]: Attempting to reconnect to Komorebi...
2026-06-15 11:57:58,289 [INFO] [MainThread] [root/log.py:59]: YASB v1.8.3
2026-06-15 11:57:58,290 [INFO] [Thread-1 (_run_server)] [cli_server/cli_server.py:212]: CLI server started v1.1.2
2026-06-15 11:57:58,290 [INFO] [MainThread] [cli_server/cli_server.py:104]: Log pipe server started
2026-06-15 11:57:58,914 [DEBUG] [MainThread] [tzlocal/win32.py:55]: Looking up time zone info from registry
2026-06-15 11:58:01,450 [DEBUG] [MainThread] [comtypes/__init__.py:149]: CoInitializeEx(None, 2)
2026-06-15 11:58:03,252 [INFO] [MainThread] [root/bar_manager.py:85]: Starting KomorebiEventListener...
2026-06-15 11:58:03,252 [INFO] [MainThread] [root/bar_manager.py:85]: Starting SystemEventListener...
2026-06-15 11:58:03,253 [INFO] [MainThread] [root/watcher.py:54]: Created file watcher for path C:\Users\daniel\.config\yasb
2026-06-15 11:58:03,254 [INFO] [Dummy-5] [root/event_listener.py:51]: Created named pipe yasb-6867ee8a-686e-11f1-88cb-0a6230508fc5
2026-06-15 11:58:04,262 [DEBUG] [MainThread] [qasync._windows._EventPoller/_windows.py:215]: Starting (proactor: <_IocpProactor overlapped#=0 result#=0>)...
2026-06-15 11:58:04,263 [INFO] [Dummy-5] [root/event_listener.py:125]: Komorebi connected to named pipe: yasb-6867ee8a-686e-11f1-88cb-0a6230508fc5
2026-06-15 11:58:04,276 [DEBUG] [Dummy-9] [qasync._windows._EventWorker/_windows.py:195]: Thread started
2026-06-15 11:58:04,634 [INFO] [MainThread] [root/api.py:69]: Fetching new weather data at 2026-06-15 11:58:04.634257
2026-06-15 11:58:40,140 [INFO] [MainThread] [root/log.py:59]: YASB v1.8.3
2026-06-15 11:58:40,140 [INFO] [Thread-1 (_run_server)] [cli_server/cli_server.py:212]: CLI server started v1.1.2
2026-06-15 11:58:40,142 [INFO] [MainThread] [cli_server/cli_server.py:104]: Log pipe server started
2026-06-15 11:58:40,142 [ERROR] [MainThread] [root/main.py:76]: Another instance of the YASB is already running.
2026-06-15 12:08:02,510 [INFO] [MainThread] [root/api.py:69]: Fetching new weather data at 2026-06-15 12:08:02.510004
2026-06-15 12:18:02,384 [INFO] [MainThread] [root/api.py:69]: Fetching new weather data at 2026-06-15 12:18:02.384906
2026-06-15 12:28:02,396 [INFO] [MainThread] [root/api.py:69]: Fetching new weather data at 2026-06-15 12:28:02.396112
2026-06-15 12:38:02,429 [INFO] [MainThread] [root/api.py:69]: Fetching new weather data at 2026-06-15 12:38:02.429367
2026-06-15 12:48:02,359 [INFO] [MainThread] [root/api.py:69]: Fetching new weather data at 2026-06-15 12:48:02.359403
2026-06-15 12:58:02,368 [INFO] [MainThread] [root/api.py:69]: Fetching new weather data at 2026-06-15 12:58:02.368664
2026-06-15 13:08:02,380 [INFO] [MainThread] [root/api.py:69]: Fetching new weather data at 2026-06-15 13:08:02.380825
2026-06-15 13:18:02,365 [INFO] [MainThread] [root/api.py:69]: Fetching new weather data at 2026-06-15 13:18:02.365991
2026-06-15 13:28:02,364 [INFO] [MainThread] [root/api.py:69]: Fetching new weather data at 2026-06-15 13:28:02.364929
2026-06-15 13:38:02,406 [INFO] [MainThread] [root/api.py:69]: Fetching new weather data at 2026-06-15 13:38:02.406255
2026-06-15 13:48:02,368 [INFO] [MainThread] [root/api.py:69]: Fetching new weather data at 2026-06-15 13:48:02.368217
2026-06-15 13:58:02,375 [INFO] [MainThread] [root/api.py:69]: Fetching new weather data at 2026-06-15 13:58:02.375742
2026-06-15 14:08:02,366 [INFO] [MainThread] [root/api.py:69]: Fetching new weather data at 2026-06-15 14:08:02.365040
2026-06-15 14:18:02,342 [INFO] [MainThread] [root/api.py:69]: Fetching new weather data at 2026-06-15 14:18:02.342641
2026-06-15 14:28:02,344 [INFO] [MainThread] [root/api.py:69]: Fetching new weather data at 2026-06-15 14:28:02.344541
2026-06-15 14:38:02,343 [INFO] [MainThread] [root/api.py:69]: Fetching new weather data at 2026-06-15 14:38:02.343587
2026-06-15 14:48:02,384 [INFO] [MainThread] [root/api.py:69]: Fetching new weather data at 2026-06-15 14:48:02.384404
2026-06-15 14:58:02,377 [INFO] [MainThread] [root/api.py:69]: Fetching new weather data at 2026-06-15 14:58:02.377906
2026-06-15 15:08:02,400 [INFO] [MainThread] [root/api.py:69]: Fetching new weather data at 2026-06-15 15:08:02.399087
2026-06-15 15:18:02,375 [INFO] [MainThread] [root/api.py:69]: Fetching new weather data at 2026-06-15 15:18:02.375480
2026-06-15 15:28:02,361 [INFO] [MainThread] [root/api.py:69]: Fetching new weather data at 2026-06-15 15:28:02.361200
2026-06-15 15:38:02,377 [INFO] [MainThread] [root/api.py:69]: Fetching new weather data at 2026-06-15 15:38:02.377449
2026-06-15 15:48:02,362 [INFO] [MainThread] [root/api.py:69]: Fetching new weather data at 2026-06-15 15:48:02.362702
2026-06-15 15:58:02,378 [INFO] [MainThread] [root/api.py:69]: Fetching new weather data at 2026-06-15 15:58:02.378925
2026-06-15 16:08:02,363 [INFO] [MainThread] [root/api.py:69]: Fetching new weather data at 2026-06-15 16:08:02.363069
2026-06-15 16:18:02,367 [INFO] [MainThread] [root/api.py:69]: Fetching new weather data at 2026-06-15 16:18:02.367544
2026-06-15 16:28:02,402 [INFO] [MainThread] [root/api.py:69]: Fetching new weather data at 2026-06-15 16:28:02.402061
2026-06-15 16:38:02,373 [INFO] [MainThread] [root/api.py:69]: Fetching new weather data at 2026-06-15 16:38:02.373304
2026-06-15 16:48:02,358 [INFO] [MainThread] [root/api.py:69]: Fetching new weather data at 2026-06-15 16:48:02.358975
2026-06-15 16:58:02,396 [INFO] [MainThread] [root/api.py:69]: Fetching new weather data at 2026-06-15 16:58:02.396681
2026-06-15 17:08:02,400 [INFO] [MainThread] [root/api.py:69]: Fetching new weather data at 2026-06-15 17:08:02.400120
2026-06-15 17:18:02,396 [INFO] [MainThread] [root/api.py:69]: Fetching new weather data at 2026-06-15 17:18:02.396619
2026-06-15 17:28:02,350 [INFO] [MainThread] [root/api.py:69]: Fetching new weather data at 2026-06-15 17:28:02.350581
2026-06-15 17:38:02,401 [INFO] [MainThread] [root/api.py:69]: Fetching new weather data at 2026-06-15 17:38:02.401455
2026-06-15 17:48:02,357 [INFO] [MainThread] [root/api.py:69]: Fetching new weather data at 2026-06-15 17:48:02.357596
2026-06-15 17:58:02,405 [INFO] [MainThread] [root/api.py:69]: Fetching new weather data at 2026-06-15 17:58:02.405416
2026-06-15 18:08:02,358 [INFO] [MainThread] [root/api.py:69]: Fetching new weather data at 2026-06-15 18:08:02.358507
2026-06-15 18:18:02,361 [INFO] [MainThread] [root/api.py:69]: Fetching new weather data at 2026-06-15 18:18:02.361353
2026-06-15 18:28:02,488 [INFO] [MainThread] [root/api.py:69]: Fetching new weather data at 2026-06-15 18:28:02.488500
2026-06-15 18:38:02,388 [INFO] [MainThread] [root/api.py:69]: Fetching new weather data at 2026-06-15 18:38:02.388860
2026-06-15 18:48:02,409 [INFO] [MainThread] [root/api.py:69]: Fetching new weather data at 2026-06-15 18:48:02.409218
2026-06-15 18:58:02,360 [INFO] [MainThread] [root/api.py:69]: Fetching new weather data at 2026-06-15 18:58:02.360767
2026-06-15 19:08:02,387 [INFO] [MainThread] [root/api.py:69]: Fetching new weather data at 2026-06-15 19:08:02.387540
2026-06-15 19:18:02,399 [INFO] [MainThread] [root/api.py:69]: Fetching new weather data at 2026-06-15 19:18:02.399958
2026-06-15 19:28:02,407 [INFO] [MainThread] [root/api.py:69]: Fetching new weather data at 2026-06-15 19:28:02.407601
2026-06-15 19:38:02,554 [INFO] [MainThread] [root/api.py:69]: Fetching new weather data at 2026-06-15 19:38:02.554456
2026-06-15 19:48:02,382 [INFO] [MainThread] [root/api.py:69]: Fetching new weather data at 2026-06-15 19:48:02.382673
2026-06-15 19:58:02,374 [INFO] [MainThread] [root/api.py:69]: Fetching new weather data at 2026-06-15 19:58:02.374045
2026-06-15 20:08:02,402 [INFO] [MainThread] [root/api.py:69]: Fetching new weather data at 2026-06-15 20:08:02.402910
2026-06-15 20:18:02,363 [INFO] [MainThread] [root/api.py:69]: Fetching new weather data at 2026-06-15 20:18:02.363865
2026-06-15 20:28:02,361 [INFO] [MainThread] [root/api.py:69]: Fetching new weather data at 2026-06-15 20:28:02.361831
2026-06-15 20:38:02,358 [INFO] [MainThread] [root/api.py:69]: Fetching new weather data at 2026-06-15 20:38:02.358262
2026-06-15 20:48:02,445 [INFO] [MainThread] [root/api.py:69]: Fetching new weather data at 2026-06-15 20:48:02.445250
2026-06-15 20:58:02,366 [INFO] [MainThread] [root/api.py:69]: Fetching new weather data at 2026-06-15 20:58:02.366967
2026-06-15 21:08:02,402 [INFO] [MainThread] [root/api.py:69]: Fetching new weather data at 2026-06-15 21:08:02.402936
2026-06-15 21:18:02,353 [INFO] [MainThread] [root/api.py:69]: Fetching new weather data at 2026-06-15 21:18:02.353067
2026-06-15 21:28:02,373 [INFO] [MainThread] [root/api.py:69]: Fetching new weather data at 2026-06-15 21:28:02.373931
2026-06-15 21:38:02,354 [INFO] [MainThread] [root/api.py:69]: Fetching new weather data at 2026-06-15 21:38:02.354962
2026-06-15 21:48:02,368 [INFO] [MainThread] [root/api.py:69]: Fetching new weather data at 2026-06-15 21:48:02.368797
2026-06-15 21:58:02,389 [INFO] [MainThread] [root/api.py:69]: Fetching new weather data at 2026-06-15 21:58:02.389349
2026-06-15 22:08:02,357 [INFO] [MainThread] [root/api.py:69]: Fetching new weather data at 2026-06-15 22:08:02.357263
2026-06-15 22:18:02,364 [INFO] [MainThread] [root/api.py:69]: Fetching new weather data at 2026-06-15 22:18:02.364053
2026-06-15 22:28:02,468 [INFO] [MainThread] [root/api.py:69]: Fetching new weather data at 2026-06-15 22:28:02.468596
2026-06-15 22:38:02,473 [INFO] [MainThread] [root/api.py:69]: Fetching new weather data at 2026-06-15 22:38:02.473802
2026-06-15 22:48:02,529 [INFO] [MainThread] [root/api.py:69]: Fetching new weather data at 2026-06-15 22:48:02.529737
2026-06-15 22:58:02,491 [INFO] [MainThread] [root/api.py:69]: Fetching new weather data at 2026-06-15 22:58:02.491859
2026-06-15 23:08:02,447 [INFO] [MainThread] [root/api.py:69]: Fetching new weather data at 2026-06-15 23:08:02.447887
2026-06-15 23:18:02,441 [INFO] [MainThread] [root/api.py:69]: Fetching new weather data at 2026-06-15 23:18:02.441547
2026-06-15 23:28:02,510 [INFO] [MainThread] [root/api.py:69]: Fetching new weather data at 2026-06-15 23:28:02.510225
2026-06-15 23:38:02,484 [INFO] [MainThread] [root/api.py:69]: Fetching new weather data at 2026-06-15 23:38:02.484228
2026-06-15 23:48:02,440 [INFO] [MainThread] [root/api.py:69]: Fetching new weather data at 2026-06-15 23:48:02.440535
2026-06-15 23:58:02,437 [INFO] [MainThread] [root/api.py:69]: Fetching new weather data at 2026-06-15 23:58:02.437316
2026-06-16 00:08:02,475 [INFO] [MainThread] [root/api.py:69]: Fetching new weather data at 2026-06-16 00:08:02.475499
2026-06-16 00:18:02,588 [INFO] [MainThread] [root/api.py:69]: Fetching new weather data at 2026-06-16 00:18:02.588245
2026-06-16 00:28:02,499 [INFO] [MainThread] [root/api.py:69]: Fetching new weather data at 2026-06-16 00:28:02.499150
2026-06-16 00:38:02,490 [INFO] [MainThread] [root/api.py:69]: Fetching new weather data at 2026-06-16 00:38:02.490910
2026-06-16 00:48:02,441 [INFO] [MainThread] [root/api.py:69]: Fetching new weather data at 2026-06-16 00:48:02.441316
2026-06-16 00:58:02,447 [INFO] [MainThread] [root/api.py:69]: Fetching new weather data at 2026-06-16 00:58:02.447195
2026-06-16 01:08:02,438 [INFO] [MainThread] [root/api.py:69]: Fetching new weather data at 2026-06-16 01:08:02.438920
2026-06-16 01:18:02,479 [INFO] [MainThread] [root/api.py:69]: Fetching new weather data at 2026-06-16 01:18:02.479343
2026-06-16 01:28:02,462 [INFO] [MainThread] [root/api.py:69]: Fetching new weather data at 2026-06-16 01:28:02.462450
2026-06-16 01:33:54,973 [INFO] [MainThread] [root/bar_manager.py:92]: Stopping KomorebiEventListener...
2026-06-16 01:33:54,973 [INFO] [MainThread] [root/bar_manager.py:92]: Stopping SystemEventListener...
2026-06-16 01:33:54,980 [INFO] [Dummy-5] [root/event_listener.py:92]: Attempting to reconnect to Komorebi...
2026-06-16 12:21:26,911 [INFO] [MainThread] [root/log.py:59]: YASB v1.8.3
2026-06-16 12:21:26,911 [INFO] [Thread-1 (_run_server)] [cli_server/cli_server.py:212]: CLI server started v1.1.2
2026-06-16 12:21:26,911 [INFO] [MainThread] [cli_server/cli_server.py:104]: Log pipe server started
2026-06-16 12:21:27,508 [DEBUG] [MainThread] [tzlocal/win32.py:55]: Looking up time zone info from registry
2026-06-16 12:21:30,129 [DEBUG] [MainThread] [comtypes/__init__.py:149]: CoInitializeEx(None, 2)
2026-06-16 12:21:32,081 [INFO] [MainThread] [root/bar_manager.py:85]: Starting KomorebiEventListener...
2026-06-16 12:21:32,081 [INFO] [MainThread] [root/bar_manager.py:85]: Starting SystemEventListener...
2026-06-16 12:21:32,081 [INFO] [MainThread] [root/watcher.py:54]: Created file watcher for path C:\Users\daniel\.config\yasb
2026-06-16 12:21:32,657 [INFO] [Dummy-5] [root/event_listener.py:51]: Created named pipe yasb-da8be9e3-693a-11f1-8782-0a6230508fc5
2026-06-16 12:21:32,751 [DEBUG] [MainThread] [qasync._windows._EventPoller/_windows.py:215]: Starting (proactor: <_IocpProactor overlapped#=0 result#=0>)...
2026-06-16 12:21:32,752 [DEBUG] [Dummy-7] [qasync._windows._EventWorker/_windows.py:195]: Thread started
2026-06-16 12:21:32,847 [INFO] [Dummy-5] [root/event_listener.py:125]: Komorebi connected to named pipe: yasb-da8be9e3-693a-11f1-8782-0a6230508fc5
2026-06-16 12:21:33,249 [INFO] [MainThread] [root/api.py:69]: Fetching new weather data at 2026-06-16 12:21:33.249623
2026-06-16 12:21:53,316 [INFO] [MainThread] [root/log.py:59]: YASB v1.8.3
2026-06-16 12:21:53,316 [INFO] [Thread-1 (_run_server)] [cli_server/cli_server.py:212]: CLI server started v1.1.2
2026-06-16 12:21:53,317 [INFO] [MainThread] [cli_server/cli_server.py:104]: Log pipe server started
2026-06-16 12:21:53,317 [ERROR] [MainThread] [root/main.py:76]: Another instance of the YASB is already running.
2026-06-16 12:31:31,327 [INFO] [MainThread] [root/api.py:69]: Fetching new weather data at 2026-06-16 12:31:31.327746
2026-06-16 12:41:31,321 [INFO] [MainThread] [root/api.py:69]: Fetching new weather data at 2026-06-16 12:41:31.320922
2026-06-16 12:51:31,506 [INFO] [MainThread] [root/api.py:69]: Fetching new weather data at 2026-06-16 12:51:31.506739
2026-06-16 13:01:31,311 [INFO] [MainThread] [root/api.py:69]: Fetching new weather data at 2026-06-16 13:01:31.310552
2026-06-16 13:11:31,422 [INFO] [MainThread] [root/api.py:69]: Fetching new weather data at 2026-06-16 13:11:31.422491
2026-06-16 13:21:31,306 [INFO] [MainThread] [root/api.py:69]: Fetching new weather data at 2026-06-16 13:21:31.306207
2026-06-16 13:31:31,312 [INFO] [MainThread] [root/api.py:69]: Fetching new weather data at 2026-06-16 13:31:31.312982
2026-06-16 13:41:31,302 [INFO] [MainThread] [root/api.py:69]: Fetching new weather data at 2026-06-16 13:41:31.302742
2026-06-16 13:51:31,303 [INFO] [MainThread] [root/api.py:69]: Fetching new weather data at 2026-06-16 13:51:31.303066
2026-06-16 14:01:31,310 [INFO] [MainThread] [root/api.py:69]: Fetching new weather data at 2026-06-16 14:01:31.310587
2026-06-16 14:11:31,308 [INFO] [MainThread] [root/api.py:69]: Fetching new weather data at 2026-06-16 14:11:31.308582
2026-06-16 14:21:31,324 [INFO] [MainThread] [root/api.py:69]: Fetching new weather data at 2026-06-16 14:21:31.324371
2026-06-16 14:31:31,303 [INFO] [MainThread] [root/api.py:69]: Fetching new weather data at 2026-06-16 14:31:31.303727
2026-06-16 14:41:31,301 [INFO] [MainThread] [root/api.py:69]: Fetching new weather data at 2026-06-16 14:41:31.301643
2026-06-16 14:51:31,332 [INFO] [MainThread] [root/api.py:69]: Fetching new weather data at 2026-06-16 14:51:31.330537
2026-06-16 15:01:31,319 [INFO] [MainThread] [root/api.py:69]: Fetching new weather data at 2026-06-16 15:01:31.319103
2026-06-16 15:11:31,317 [INFO] [MainThread] [root/api.py:69]: Fetching new weather data at 2026-06-16 15:11:31.317537
2026-06-16 15:21:31,329 [INFO] [MainThread] [root/api.py:69]: Fetching new weather data at 2026-06-16 15:21:31.329496
2026-06-16 15:31:31,315 [INFO] [MainThread] [root/api.py:69]: Fetching new weather data at 2026-06-16 15:31:31.315299
2026-06-16 15:41:31,361 [INFO] [MainThread] [root/api.py:69]: Fetching new weather data at 2026-06-16 15:41:31.361808
2026-06-16 15:51:31,399 [INFO] [MainThread] [root/api.py:69]: Fetching new weather data at 2026-06-16 15:51:31.399036
2026-06-16 16:01:31,370 [INFO] [MainThread] [root/api.py:69]: Fetching new weather data at 2026-06-16 16:01:31.369819
2026-06-16 16:11:31,295 [INFO] [MainThread] [root/api.py:69]: Fetching new weather data at 2026-06-16 16:11:31.295752
2026-06-16 16:21:31,372 [INFO] [MainThread] [root/api.py:69]: Fetching new weather data at 2026-06-16 16:21:31.371952
2026-06-16 16:31:31,317 [INFO] [MainThread] [root/api.py:69]: Fetching new weather data at 2026-06-16 16:31:31.317923
2026-06-16 16:41:31,387 [INFO] [MainThread] [root/api.py:69]: Fetching new weather data at 2026-06-16 16:41:31.387728
2026-06-16 16:51:31,316 [INFO] [MainThread] [root/api.py:69]: Fetching new weather data at 2026-06-16 16:51:31.316107
2026-06-16 17:01:31,321 [INFO] [MainThread] [root/api.py:69]: Fetching new weather data at 2026-06-16 17:01:31.321975
2026-06-16 17:11:31,306 [INFO] [MainThread] [root/api.py:69]: Fetching new weather data at 2026-06-16 17:11:31.306399
2026-06-16 17:21:31,408 [INFO] [MainThread] [root/api.py:69]: Fetching new weather data at 2026-06-16 17:21:31.408828
2026-06-16 17:31:31,344 [INFO] [MainThread] [root/api.py:69]: Fetching new weather data at 2026-06-16 17:31:31.344246
2026-06-16 17:41:31,332 [INFO] [MainThread] [root/api.py:69]: Fetching new weather data at 2026-06-16 17:41:31.332669
2026-06-16 17:51:31,326 [INFO] [MainThread] [root/api.py:69]: Fetching new weather data at 2026-06-16 17:51:31.326961
2026-06-16 18:01:31,351 [INFO] [MainThread] [root/api.py:69]: Fetching new weather data at 2026-06-16 18:01:31.351060
2026-06-16 18:11:31,306 [INFO] [MainThread] [root/api.py:69]: Fetching new weather data at 2026-06-16 18:11:31.306745
2026-06-16 18:21:31,318 [INFO] [MainThread] [root/api.py:69]: Fetching new weather data at 2026-06-16 18:21:31.318510
2026-06-16 18:31:31,316 [INFO] [MainThread] [root/api.py:69]: Fetching new weather data at 2026-06-16 18:31:31.316457
2026-06-16 18:41:31,311 [INFO] [MainThread] [root/api.py:69]: Fetching new weather data at 2026-06-16 18:41:31.311012
2026-06-16 18:51:31,306 [INFO] [MainThread] [root/api.py:69]: Fetching new weather data at 2026-06-16 18:51:31.306007
2026-06-16 19:01:31,360 [INFO] [MainThread] [root/api.py:69]: Fetching new weather data at 2026-06-16 19:01:31.360807
2026-06-16 19:11:31,387 [INFO] [MainThread] [root/api.py:69]: Fetching new weather data at 2026-06-16 19:11:31.387373
2026-06-16 19:21:31,488 [INFO] [MainThread] [root/api.py:69]: Fetching new weather data at 2026-06-16 19:21:31.488236
2026-06-16 19:31:31,320 [INFO] [MainThread] [root/api.py:69]: Fetching new weather data at 2026-06-16 19:31:31.320110
2026-06-16 19:41:31,348 [INFO] [MainThread] [root/api.py:69]: Fetching new weather data at 2026-06-16 19:41:31.348399
2026-06-16 19:51:31,547 [INFO] [MainThread] [root/api.py:69]: Fetching new weather data at 2026-06-16 19:51:31.547212
2026-06-16 20:01:31,314 [INFO] [MainThread] [root/api.py:69]: Fetching new weather data at 2026-06-16 20:01:31.314206
2026-06-16 20:11:31,303 [INFO] [MainThread] [root/api.py:69]: Fetching new weather data at 2026-06-16 20:11:31.303507
2026-06-16 20:21:31,348 [INFO] [MainThread] [root/api.py:69]: Fetching new weather data at 2026-06-16 20:21:31.348510
2026-06-16 20:31:31,356 [INFO] [MainThread] [root/api.py:69]: Fetching new weather data at 2026-06-16 20:31:31.356521
2026-06-16 20:41:31,318 [INFO] [MainThread] [root/api.py:69]: Fetching new weather data at 2026-06-16 20:41:31.317460
2026-06-16 20:51:31,378 [INFO] [MainThread] [root/api.py:69]: Fetching new weather data at 2026-06-16 20:51:31.378416
2026-06-16 21:01:31,359 [INFO] [MainThread] [root/api.py:69]: Fetching new weather data at 2026-06-16 21:01:31.359133
2026-06-16 21:11:31,321 [INFO] [MainThread] [root/api.py:69]: Fetching new weather data at 2026-06-16 21:11:31.321905
2026-06-16 21:21:31,332 [INFO] [MainThread] [root/api.py:69]: Fetching new weather data at 2026-06-16 21:21:31.332478
2026-06-16 21:31:31,317 [INFO] [MainThread] [root/api.py:69]: Fetching new weather data at 2026-06-16 21:31:31.317154
2026-06-16 21:41:31,333 [INFO] [MainThread] [root/api.py:69]: Fetching new weather data at 2026-06-16 21:41:31.333645
2026-06-16 21:51:31,367 [INFO] [MainThread] [root/api.py:69]: Fetching new weather data at 2026-06-16 21:51:31.367610
2026-06-16 22:01:31,368 [INFO] [MainThread] [root/api.py:69]: Fetching new weather data at 2026-06-16 22:01:31.368604
2026-06-16 22:11:31,372 [INFO] [MainThread] [root/api.py:69]: Fetching new weather data at 2026-06-16 22:11:31.372594
2026-06-16 22:21:31,355 [INFO] [MainThread] [root/api.py:69]: Fetching new weather data at 2026-06-16 22:21:31.355821
2026-06-16 22:31:34,714 [INFO] [MainThread] [root/api.py:69]: Fetching new weather data at 2026-06-16 22:31:34.714271
2026-06-16 22:41:34,718 [INFO] [MainThread] [root/api.py:69]: Fetching new weather data at 2026-06-16 22:41:34.718757
2026-06-16 22:51:34,829 [INFO] [MainThread] [root/api.py:69]: Fetching new weather data at 2026-06-16 22:51:34.829544
2026-06-16 23:01:34,752 [INFO] [MainThread] [root/api.py:69]: Fetching new weather data at 2026-06-16 23:01:34.752761
2026-06-16 23:11:34,720 [INFO] [MainThread] [root/api.py:69]: Fetching new weather data at 2026-06-16 23:11:34.720525
2026-06-16 23:21:34,712 [INFO] [MainThread] [root/api.py:69]: Fetching new weather data at 2026-06-16 23:21:34.712529
2026-06-16 23:31:34,718 [INFO] [MainThread] [root/api.py:69]: Fetching new weather data at 2026-06-16 23:31:34.718279
2026-06-16 23:41:34,717 [INFO] [MainThread] [root/api.py:69]: Fetching new weather data at 2026-06-16 23:41:34.717402
2026-06-16 23:51:34,724 [INFO] [MainThread] [root/api.py:69]: Fetching new weather data at 2026-06-16 23:51:34.724102
2026-06-17 00:01:34,714 [INFO] [MainThread] [root/api.py:69]: Fetching new weather data at 2026-06-17 00:01:34.714852
2026-06-17 00:11:34,866 [INFO] [MainThread] [root/api.py:69]: Fetching new weather data at 2026-06-17 00:11:34.866760
2026-06-17 00:21:34,708 [INFO] [MainThread] [root/api.py:69]: Fetching new weather data at 2026-06-17 00:21:34.708929
2026-06-17 00:31:34,710 [INFO] [MainThread] [root/api.py:69]: Fetching new weather data at 2026-06-17 00:31:34.710360
2026-06-17 00:41:34,717 [INFO] [MainThread] [root/api.py:69]: Fetching new weather data at 2026-06-17 00:41:34.717116
2026-06-17 00:51:34,717 [INFO] [MainThread] [root/api.py:69]: Fetching new weather data at 2026-06-17 00:51:34.717184
2026-06-17 01:01:34,718 [INFO] [MainThread] [root/api.py:69]: Fetching new weather data at 2026-06-17 01:01:34.718145
2026-06-17 01:11:34,712 [INFO] [MainThread] [root/api.py:69]: Fetching new weather data at 2026-06-17 01:11:34.712528
2026-06-17 01:21:34,942 [INFO] [MainThread] [root/api.py:69]: Fetching new weather data at 2026-06-17 01:21:34.942042
2026-06-17 01:23:55,100 [INFO] [MainThread] [root/bar_manager.py:92]: Stopping KomorebiEventListener...
2026-06-17 01:23:55,100 [INFO] [MainThread] [root/bar_manager.py:92]: Stopping SystemEventListener...
2026-06-17 01:23:55,136 [INFO] [Dummy-5] [root/event_listener.py:92]: Attempting to reconnect to Komorebi...
2026-06-17 13:38:37,132 [INFO] [MainThread] [root/log.py:59]: YASB v1.8.3
2026-06-17 13:38:37,134 [INFO] [Thread-1 (_run_server)] [cli_server/cli_server.py:212]: CLI server started v1.1.2
2026-06-17 13:38:37,134 [INFO] [MainThread] [cli_server/cli_server.py:104]: Log pipe server started
2026-06-17 13:38:37,809 [DEBUG] [MainThread] [tzlocal/win32.py:55]: Looking up time zone info from registry
2026-06-17 13:38:40,393 [DEBUG] [MainThread] [comtypes/__init__.py:149]: CoInitializeEx(None, 2)
2026-06-17 13:38:41,984 [INFO] [MainThread] [root/bar_manager.py:85]: Starting KomorebiEventListener...
2026-06-17 13:38:41,985 [INFO] [MainThread] [root/bar_manager.py:85]: Starting SystemEventListener...
2026-06-17 13:38:41,986 [INFO] [MainThread] [root/watcher.py:54]: Created file watcher for path C:\Users\daniel\.config\yasb
2026-06-17 13:38:42,012 [INFO] [Dummy-5] [root/event_listener.py:51]: Created named pipe yasb-cc98e569-6a0e-11f1-8d43-0a6230508fc5
2026-06-17 13:38:42,655 [DEBUG] [MainThread] [qasync._windows._EventPoller/_windows.py:215]: Starting (proactor: <_IocpProactor overlapped#=0 result#=0>)...
2026-06-17 13:38:42,656 [DEBUG] [Dummy-9] [qasync._windows._EventWorker/_windows.py:195]: Thread started
2026-06-17 13:38:42,668 [INFO] [Dummy-5] [root/event_listener.py:125]: Komorebi connected to named pipe: yasb-cc98e569-6a0e-11f1-8d43-0a6230508fc5
2026-06-17 13:38:42,990 [INFO] [MainThread] [root/api.py:69]: Fetching new weather data at 2026-06-17 13:38:42.990777
2026-06-17 13:38:45,146 [INFO] [MainThread] [root/log.py:59]: YASB v1.8.3
2026-06-17 13:38:45,147 [INFO] [Thread-1 (_run_server)] [cli_server/cli_server.py:212]: CLI server started v1.1.2
2026-06-17 13:38:45,147 [INFO] [MainThread] [cli_server/cli_server.py:104]: Log pipe server started
2026-06-17 13:38:45,148 [ERROR] [MainThread] [root/main.py:76]: Another instance of the YASB is already running.
2026-06-17 13:48:41,281 [INFO] [MainThread] [root/api.py:69]: Fetching new weather data at 2026-06-17 13:48:41.281752
2026-06-17 13:58:41,324 [INFO] [MainThread] [root/api.py:69]: Fetching new weather data at 2026-06-17 13:58:41.324102
2026-06-17 14:08:41,311 [INFO] [MainThread] [root/api.py:69]: Fetching new weather data at 2026-06-17 14:08:41.311496
2026-06-17 14:18:43,264 [INFO] [MainThread] [root/api.py:69]: Fetching new weather data at 2026-06-17 14:18:43.264251
2026-06-17 14:28:41,317 [INFO] [MainThread] [root/api.py:69]: Fetching new weather data at 2026-06-17 14:28:41.317043
2026-06-17 14:38:41,274 [INFO] [MainThread] [root/api.py:69]: Fetching new weather data at 2026-06-17 14:38:41.274874
2026-06-17 14:48:41,323 [INFO] [MainThread] [root/api.py:69]: Fetching new weather data at 2026-06-17 14:48:41.323478
2026-06-17 14:58:41,292 [INFO] [MainThread] [root/api.py:69]: Fetching new weather data at 2026-06-17 14:58:41.292821
2026-06-17 15:08:41,301 [INFO] [MainThread] [root/api.py:69]: Fetching new weather data at 2026-06-17 15:08:41.301597
2026-06-17 15:18:41,384 [INFO] [MainThread] [root/api.py:69]: Fetching new weather data at 2026-06-17 15:18:41.384326
2026-06-17 15:28:41,304 [INFO] [MainThread] [root/api.py:69]: Fetching new weather data at 2026-06-17 15:28:41.304424
2026-06-17 15:38:41,309 [INFO] [MainThread] [root/api.py:69]: Fetching new weather data at 2026-06-17 15:38:41.309041
2026-06-17 15:48:41,268 [INFO] [MainThread] [root/api.py:69]: Fetching new weather data at 2026-06-17 15:48:41.268763
2026-06-17 15:58:41,297 [INFO] [MainThread] [root/api.py:69]: Fetching new weather data at 2026-06-17 15:58:41.296684
2026-06-17 16:08:41,331 [INFO] [MainThread] [root/api.py:69]: Fetching new weather data at 2026-06-17 16:08:41.331809
2026-06-17 16:18:41,459 [INFO] [MainThread] [root/api.py:69]: Fetching new weather data at 2026-06-17 16:18:41.459480
2026-06-17 16:28:41,333 [INFO] [MainThread] [root/api.py:69]: Fetching new weather data at 2026-06-17 16:28:41.333405
2026-06-17 16:38:41,273 [INFO] [MainThread] [root/api.py:69]: Fetching new weather data at 2026-06-17 16:38:41.273993
2026-06-17 16:48:41,285 [INFO] [MainThread] [root/api.py:69]: Fetching new weather data at 2026-06-17 16:48:41.285667
2026-06-17 16:58:41,321 [INFO] [MainThread] [root/api.py:69]: Fetching new weather data at 2026-06-17 16:58:41.321606
2026-06-17 17:08:41,282 [INFO] [MainThread] [root/api.py:69]: Fetching new weather data at 2026-06-17 17:08:41.281806
2026-06-17 17:18:41,327 [INFO] [MainThread] [root/api.py:69]: Fetching new weather data at 2026-06-17 17:18:41.327108
2026-06-17 17:28:41,289 [INFO] [MainThread] [root/api.py:69]: Fetching new weather data at 2026-06-17 17:28:41.289611
2026-06-17 17:38:41,273 [INFO] [MainThread] [root/api.py:69]: Fetching new weather data at 2026-06-17 17:38:41.273633
2026-06-17 17:48:41,290 [INFO] [MainThread] [root/api.py:69]: Fetching new weather data at 2026-06-17 17:48:41.290788
2026-06-17 17:58:41,277 [INFO] [MainThread] [root/api.py:69]: Fetching new weather data at 2026-06-17 17:58:41.277697
2026-06-17 18:08:41,305 [INFO] [MainThread] [root/api.py:69]: Fetching new weather data at 2026-06-17 18:08:41.305845
2026-06-17 18:18:41,272 [INFO] [MainThread] [root/api.py:69]: Fetching new weather data at 2026-06-17 18:18:41.272646
2026-06-17 18:28:41,277 [INFO] [MainThread] [root/api.py:69]: Fetching new weather data at 2026-06-17 18:28:41.277619
2026-06-17 18:38:41,331 [INFO] [MainThread] [root/api.py:69]: Fetching new weather data at 2026-06-17 18:38:41.331223
2026-06-17 18:48:41,313 [INFO] [MainThread] [root/api.py:69]: Fetching new weather data at 2026-06-17 18:48:41.313496
2026-06-17 18:58:41,280 [INFO] [MainThread] [root/api.py:69]: Fetching new weather data at 2026-06-17 18:58:41.280836
2026-06-17 19:08:41,285 [INFO] [MainThread] [root/api.py:69]: Fetching new weather data at 2026-06-17 19:08:41.285847
2026-06-17 19:18:41,270 [INFO] [MainThread] [root/api.py:69]: Fetching new weather data at 2026-06-17 19:18:41.270579
2026-06-17 19:28:41,326 [INFO] [MainThread] [root/api.py:69]: Fetching new weather data at 2026-06-17 19:28:41.326989
2026-06-17 19:38:41,264 [INFO] [MainThread] [root/api.py:69]: Fetching new weather data at 2026-06-17 19:38:41.264549
2026-06-17 19:48:41,312 [INFO] [MainThread] [root/api.py:69]: Fetching new weather data at 2026-06-17 19:48:41.312643
2026-06-17 19:58:41,315 [INFO] [MainThread] [root/api.py:69]: Fetching new weather data at 2026-06-17 19:58:41.315959
2026-06-17 20:08:41,285 [INFO] [MainThread] [root/api.py:69]: Fetching new weather data at 2026-06-17 20:08:41.285745
2026-06-17 20:18:41,275 [INFO] [MainThread] [root/api.py:69]: Fetching new weather data at 2026-06-17 20:18:41.275957
2026-06-17 20:28:41,332 [INFO] [MainThread] [root/api.py:69]: Fetching new weather data at 2026-06-17 20:28:41.332063
2026-06-17 20:38:41,293 [INFO] [MainThread] [root/api.py:69]: Fetching new weather data at 2026-06-17 20:38:41.293509
2026-06-17 20:48:41,316 [INFO] [MainThread] [root/api.py:69]: Fetching new weather data at 2026-06-17 20:48:41.316369
2026-06-17 20:58:41,278 [INFO] [MainThread] [root/api.py:69]: Fetching new weather data at 2026-06-17 20:58:41.278790
2026-06-17 21:08:41,282 [INFO] [MainThread] [root/api.py:69]: Fetching new weather data at 2026-06-17 21:08:41.282352
2026-06-17 21:18:41,297 [INFO] [MainThread] [root/api.py:69]: Fetching new weather data at 2026-06-17 21:18:41.297193
2026-06-17 21:28:41,315 [INFO] [MainThread] [root/api.py:69]: Fetching new weather data at 2026-06-17 21:28:41.315869
2026-06-17 21:38:41,285 [INFO] [MainThread] [root/api.py:69]: Fetching new weather data at 2026-06-17 21:38:41.285420
2026-06-17 21:48:41,287 [INFO] [MainThread] [root/api.py:69]: Fetching new weather data at 2026-06-17 21:48:41.287985
2026-06-17 21:58:41,281 [INFO] [MainThread] [root/api.py:69]: Fetching new weather data at 2026-06-17 21:58:41.281750
2026-06-17 22:08:42,750 [INFO] [MainThread] [root/api.py:69]: Fetching new weather data at 2026-06-17 22:08:42.750252
2026-06-17 22:18:42,743 [INFO] [MainThread] [root/api.py:69]: Fetching new weather data at 2026-06-17 22:18:42.743553
2026-06-17 22:28:42,750 [INFO] [MainThread] [root/api.py:69]: Fetching new weather data at 2026-06-17 22:28:42.750022
2026-06-17 22:38:42,796 [INFO] [MainThread] [root/api.py:69]: Fetching new weather data at 2026-06-17 22:38:42.796323
2026-06-17 22:48:42,785 [INFO] [MainThread] [root/api.py:69]: Fetching new weather data at 2026-06-17 22:48:42.785830
2026-06-17 22:58:42,768 [INFO] [MainThread] [root/api.py:69]: Fetching new weather data at 2026-06-17 22:58:42.768314
2026-06-17 23:08:42,755 [INFO] [MainThread] [root/api.py:69]: Fetching new weather data at 2026-06-17 23:08:42.755841
2026-06-17 23:18:42,758 [INFO] [MainThread] [root/api.py:69]: Fetching new weather data at 2026-06-17 23:18:42.757892
2026-06-17 23:28:42,763 [INFO] [MainThread] [root/api.py:69]: Fetching new weather data at 2026-06-17 23:28:42.763591
2026-06-17 23:38:42,765 [INFO] [MainThread] [root/api.py:69]: Fetching new weather data at 2026-06-17 23:38:42.765818
2026-06-17 23:48:42,758 [INFO] [MainThread] [root/api.py:69]: Fetching new weather data at 2026-06-17 23:48:42.758018
2026-06-17 23:58:42,789 [INFO] [MainThread] [root/api.py:69]: Fetching new weather data at 2026-06-17 23:58:42.789635
2026-06-18 00:08:42,758 [INFO] [MainThread] [root/api.py:69]: Fetching new weather data at 2026-06-18 00:08:42.758311
2026-06-18 00:18:42,765 [INFO] [MainThread] [root/api.py:69]: Fetching new weather data at 2026-06-18 00:18:42.765176
2026-06-18 00:28:42,763 [INFO] [MainThread] [root/api.py:69]: Fetching new weather data at 2026-06-18 00:28:42.763865
2026-06-18 00:38:42,754 [INFO] [MainThread] [root/api.py:69]: Fetching new weather data at 2026-06-18 00:38:42.754323
2026-06-18 00:48:42,907 [INFO] [MainThread] [root/api.py:69]: Fetching new weather data at 2026-06-18 00:48:42.907806
2026-06-18 00:58:43,935 [INFO] [MainThread] [root/api.py:69]: Fetching new weather data at 2026-06-18 00:58:43.935683
2026-06-18 01:08:42,771 [INFO] [MainThread] [root/api.py:69]: Fetching new weather data at 2026-06-18 01:08:42.771037
2026-06-18 01:18:42,792 [INFO] [MainThread] [root/api.py:69]: Fetching new weather data at 2026-06-18 01:18:42.792042
2026-06-18 01:28:42,743 [INFO] [MainThread] [root/api.py:69]: Fetching new weather data at 2026-06-18 01:28:42.743754
2026-06-18 01:30:05,586 [INFO] [MainThread] [root/bar_manager.py:92]: Stopping KomorebiEventListener...
2026-06-18 01:30:05,586 [INFO] [MainThread] [root/bar_manager.py:92]: Stopping SystemEventListener...
2026-06-18 01:30:05,629 [INFO] [Dummy-5] [root/event_listener.py:92]: Attempting to reconnect to Komorebi...
2026-06-18 12:58:33,708 [INFO] [MainThread] [root/log.py:59]: YASB v1.8.3
2026-06-18 12:58:33,709 [INFO] [Thread-1 (_run_server)] [cli_server/cli_server.py:212]: CLI server started v1.1.2
2026-06-18 12:58:33,709 [INFO] [MainThread] [cli_server/cli_server.py:104]: Log pipe server started
2026-06-18 12:58:33,923 [DEBUG] [MainThread] [tzlocal/win32.py:55]: Looking up time zone info from registry
2026-06-18 12:58:33,997 [DEBUG] [MainThread] [comtypes/__init__.py:149]: CoInitializeEx(None, 2)
2026-06-18 12:58:34,805 [INFO] [MainThread] [root/bar_manager.py:85]: Starting SystemEventListener...
2026-06-18 12:58:34,806 [INFO] [MainThread] [root/bar_manager.py:85]: Starting KomorebiEventListener...
2026-06-18 12:58:34,806 [INFO] [MainThread] [root/watcher.py:54]: Created file watcher for path C:\Users\daniel\.config\yasb
2026-06-18 12:58:34,808 [INFO] [Dummy-5] [root/event_listener.py:51]: Created named pipe yasb-5c384df9-6ad2-11f1-a3a5-0a6230508fc5
2026-06-18 12:58:34,854 [DEBUG] [MainThread] [qasync._windows._EventPoller/_windows.py:215]: Starting (proactor: <_IocpProactor overlapped#=0 result#=0>)...
2026-06-18 12:58:34,855 [DEBUG] [Dummy-9] [qasync._windows._EventWorker/_windows.py:195]: Thread started
2026-06-18 12:58:34,925 [INFO] [Dummy-5] [root/event_listener.py:125]: Komorebi connected to named pipe: yasb-5c384df9-6ad2-11f1-a3a5-0a6230508fc5
2026-06-18 12:58:35,181 [INFO] [MainThread] [root/api.py:69]: Fetching new weather data at 2026-06-18 12:58:35.181803
2026-06-18 12:58:44,768 [INFO] [MainThread] [root/log.py:59]: YASB v1.8.3
2026-06-18 12:58:44,769 [INFO] [Thread-1 (_run_server)] [cli_server/cli_server.py:212]: CLI server started v1.1.2
2026-06-18 12:58:44,769 [INFO] [MainThread] [cli_server/cli_server.py:104]: Log pipe server started
2026-06-18 12:58:44,769 [ERROR] [MainThread] [root/main.py:76]: Another instance of the YASB is already running.
2026-06-18 13:08:34,443 [INFO] [MainThread] [root/api.py:69]: Fetching new weather data at 2026-06-18 13:08:34.443590
2026-06-18 13:18:34,504 [INFO] [MainThread] [root/api.py:69]: Fetching new weather data at 2026-06-18 13:18:34.504164
2026-06-18 13:28:34,440 [INFO] [MainThread] [root/api.py:69]: Fetching new weather data at 2026-06-18 13:28:34.440760
2026-06-18 13:38:34,429 [INFO] [MainThread] [root/api.py:69]: Fetching new weather data at 2026-06-18 13:38:34.429892
2026-06-18 13:48:34,578 [INFO] [MainThread] [root/api.py:69]: Fetching new weather data at 2026-06-18 13:48:34.578770
2026-06-18 13:58:34,442 [INFO] [MainThread] [root/api.py:69]: Fetching new weather data at 2026-06-18 13:58:34.442758
2026-06-18 14:07:46,181 [INFO] [MainThread] [root/controller.py:35]: Exiting Application...
2026-06-18 14:07:46,283 [INFO] [MainThread] [cli_server/cli_server.py:112]: Log pipe server stopped
2026-06-18 14:07:46,283 [DEBUG] [MainThread] [cli_server/cli_server.py:206]: CLI server stopped
2026-06-18 14:07:46,685 [INFO] [MainThread] [root/bar_manager.py:92]: Stopping SystemEventListener...
2026-06-18 14:07:46,686 [INFO] [MainThread] [root/bar_manager.py:92]: Stopping KomorebiEventListener...
2026-06-18 14:07:46,697 [INFO] [Dummy-5] [root/event_listener.py:92]: Attempting to reconnect to Komorebi...
2026-06-18 14:07:46,722 [DEBUG] [MainThread] [qasync._windows._EventPoller/_windows.py:220]: Stopping worker thread...
2026-06-18 14:07:46,732 [DEBUG] [Dummy-9] [qasync._windows._EventWorker/_windows.py:204]: Exiting thread
2026-06-18 14:07:46,735 [DEBUG] [MainThread] [qasync._windows._IocpProactor/_windows.py:78]: Closing
2026-06-18 14:08:38,608 [INFO] [MainThread] [root/log.py:59]: YASB v1.8.3
2026-06-18 14:08:38,624 [INFO] [Thread-1 (_run_server)] [cli_server/cli_server.py:212]: CLI server started v1.1.2
2026-06-18 14:08:38,624 [INFO] [MainThread] [cli_server/cli_server.py:104]: Log pipe server started
2026-06-18 14:08:39,599 [DEBUG] [MainThread] [tzlocal/win32.py:55]: Looking up time zone info from registry
2026-06-18 14:08:41,910 [DEBUG] [MainThread] [comtypes/__init__.py:149]: CoInitializeEx(None, 2)
2026-06-18 14:08:43,412 [INFO] [MainThread] [root/bar_manager.py:85]: Starting KomorebiEventListener...
2026-06-18 14:08:43,413 [INFO] [MainThread] [root/bar_manager.py:85]: Starting SystemEventListener...
2026-06-18 14:08:43,413 [INFO] [MainThread] [root/watcher.py:54]: Created file watcher for path C:\Users\daniel\.config\yasb
2026-06-18 14:08:43,413 [INFO] [Dummy-5] [root/event_listener.py:51]: Created named pipe yasb-28beb054-6adc-11f1-bac8-0a6230508fc5
2026-06-18 14:08:44,101 [DEBUG] [MainThread] [qasync._windows._EventPoller/_windows.py:215]: Starting (proactor: <_IocpProactor overlapped#=0 result#=0>)...
2026-06-18 14:08:44,102 [DEBUG] [Dummy-9] [qasync._windows._EventWorker/_windows.py:195]: Thread started
2026-06-18 14:08:44,121 [INFO] [Dummy-5] [root/event_listener.py:125]: Komorebi connected to named pipe: yasb-28beb054-6adc-11f1-bac8-0a6230508fc5
2026-06-18 14:08:44,417 [INFO] [MainThread] [root/api.py:69]: Fetching new weather data at 2026-06-18 14:08:44.417036
2026-06-18 14:09:01,359 [INFO] [MainThread] [root/log.py:59]: YASB v1.8.3
2026-06-18 14:09:01,359 [INFO] [Thread-1 (_run_server)] [cli_server/cli_server.py:212]: CLI server started v1.1.2
2026-06-18 14:09:01,360 [INFO] [MainThread] [cli_server/cli_server.py:104]: Log pipe server started
2026-06-18 14:09:01,360 [ERROR] [MainThread] [root/main.py:76]: Another instance of the YASB is already running.
2026-06-18 14:11:40,838 [INFO] [MainThread] [root/controller.py:35]: Exiting Application...
2026-06-18 14:11:40,940 [INFO] [MainThread] [cli_server/cli_server.py:112]: Log pipe server stopped
2026-06-18 14:11:40,940 [DEBUG] [MainThread] [cli_server/cli_server.py:206]: CLI server stopped
2026-06-18 14:11:41,373 [INFO] [MainThread] [root/bar_manager.py:92]: Stopping KomorebiEventListener...
2026-06-18 14:11:41,373 [INFO] [MainThread] [root/bar_manager.py:92]: Stopping SystemEventListener...
2026-06-18 14:11:41,374 [INFO] [Dummy-5] [root/event_listener.py:92]: Attempting to reconnect to Komorebi...
2026-06-18 14:11:41,392 [DEBUG] [MainThread] [qasync._windows._EventPoller/_windows.py:220]: Stopping worker thread...
2026-06-18 14:11:41,403 [DEBUG] [Dummy-9] [qasync._windows._EventWorker/_windows.py:204]: Exiting thread
2026-06-18 14:11:41,403 [DEBUG] [MainThread] [qasync._windows._IocpProactor/_windows.py:78]: Closing
2026-06-18 14:12:32,888 [INFO] [MainThread] [root/log.py:59]: YASB v1.8.3
2026-06-18 14:12:32,889 [INFO] [Thread-1 (_run_server)] [cli_server/cli_server.py:212]: CLI server started v1.1.2
2026-06-18 14:12:32,889 [INFO] [MainThread] [cli_server/cli_server.py:104]: Log pipe server started
2026-06-18 14:12:33,723 [DEBUG] [MainThread] [tzlocal/win32.py:55]: Looking up time zone info from registry
2026-06-18 14:12:36,070 [DEBUG] [MainThread] [comtypes/__init__.py:149]: CoInitializeEx(None, 2)
2026-06-18 14:12:37,478 [INFO] [MainThread] [root/bar_manager.py:85]: Starting SystemEventListener...
2026-06-18 14:12:37,479 [INFO] [MainThread] [root/bar_manager.py:85]: Starting KomorebiEventListener...
2026-06-18 14:12:37,479 [INFO] [MainThread] [root/watcher.py:54]: Created file watcher for path C:\Users\daniel\.config\yasb
2026-06-18 14:12:37,882 [INFO] [Dummy-5] [root/event_listener.py:51]: Created named pipe yasb-b44260b4-6adc-11f1-ad1d-0a6230508fc5
2026-06-18 14:12:37,984 [DEBUG] [MainThread] [qasync._windows._EventPoller/_windows.py:215]: Starting (proactor: <_IocpProactor overlapped#=0 result#=0>)...
2026-06-18 14:12:37,987 [DEBUG] [Dummy-9] [qasync._windows._EventWorker/_windows.py:195]: Thread started
2026-06-18 14:12:38,003 [INFO] [Dummy-5] [root/event_listener.py:125]: Komorebi connected to named pipe: yasb-b44260b4-6adc-11f1-ad1d-0a6230508fc5
2026-06-18 14:12:38,289 [INFO] [MainThread] [root/api.py:69]: Fetching new weather data at 2026-06-18 14:12:38.289971
2026-06-18 14:12:59,973 [INFO] [MainThread] [root/log.py:59]: YASB v1.8.3
2026-06-18 14:12:59,974 [INFO] [Thread-1 (_run_server)] [cli_server/cli_server.py:212]: CLI server started v1.1.2
2026-06-18 14:12:59,974 [INFO] [MainThread] [cli_server/cli_server.py:104]: Log pipe server started
2026-06-18 14:12:59,974 [ERROR] [MainThread] [root/main.py:76]: Another instance of the YASB is already running.
2026-06-18 14:14:55,006 [INFO] [MainThread] [root/controller.py:35]: Exiting Application...
2026-06-18 14:14:55,116 [INFO] [MainThread] [cli_server/cli_server.py:112]: Log pipe server stopped
2026-06-18 14:14:55,116 [DEBUG] [MainThread] [cli_server/cli_server.py:206]: CLI server stopped
2026-06-18 14:14:55,430 [INFO] [MainThread] [root/bar_manager.py:92]: Stopping SystemEventListener...
2026-06-18 14:14:55,430 [INFO] [MainThread] [root/bar_manager.py:92]: Stopping KomorebiEventListener...
2026-06-18 14:14:55,446 [INFO] [Dummy-5] [root/event_listener.py:92]: Attempting to reconnect to Komorebi...
2026-06-18 14:14:55,449 [DEBUG] [MainThread] [qasync._windows._EventPoller/_windows.py:220]: Stopping worker thread...
2026-06-18 14:14:55,461 [DEBUG] [Dummy-9] [qasync._windows._EventWorker/_windows.py:204]: Exiting thread
2026-06-18 14:14:55,462 [DEBUG] [MainThread] [qasync._windows._IocpProactor/_windows.py:78]: Closing
2026-06-18 14:15:43,720 [INFO] [MainThread] [root/log.py:59]: YASB v1.8.3
2026-06-18 14:15:43,721 [INFO] [Thread-1 (_run_server)] [cli_server/cli_server.py:212]: CLI server started v1.1.2
2026-06-18 14:15:43,721 [INFO] [MainThread] [cli_server/cli_server.py:104]: Log pipe server started
2026-06-18 14:15:44,755 [DEBUG] [MainThread] [tzlocal/win32.py:55]: Looking up time zone info from registry
2026-06-18 14:15:47,592 [DEBUG] [MainThread] [comtypes/__init__.py:149]: CoInitializeEx(None, 2)
2026-06-18 14:15:49,389 [INFO] [MainThread] [root/bar_manager.py:85]: Starting KomorebiEventListener...
2026-06-18 14:15:49,401 [INFO] [MainThread] [root/bar_manager.py:85]: Starting SystemEventListener...
2026-06-18 14:15:49,401 [INFO] [MainThread] [root/watcher.py:54]: Created file watcher for path C:\Users\daniel\.config\yasb
2026-06-18 14:15:49,915 [INFO] [Dummy-5] [root/event_listener.py:51]: Created named pipe yasb-26a75d1b-6add-11f1-859e-0a6230508fc5
2026-06-18 14:15:50,027 [DEBUG] [MainThread] [qasync._windows._EventPoller/_windows.py:215]: Starting (proactor: <_IocpProactor overlapped#=0 result#=0>)...
2026-06-18 14:15:50,028 [DEBUG] [Dummy-9] [qasync._windows._EventWorker/_windows.py:195]: Thread started
2026-06-18 14:15:50,063 [INFO] [Dummy-5] [root/event_listener.py:125]: Komorebi connected to named pipe: yasb-26a75d1b-6add-11f1-859e-0a6230508fc5
2026-06-18 14:15:50,367 [INFO] [MainThread] [root/api.py:69]: Fetching new weather data at 2026-06-18 14:15:50.367593
2026-06-18 14:16:10,460 [INFO] [MainThread] [root/log.py:59]: YASB v1.8.3
2026-06-18 14:16:10,461 [INFO] [Thread-1 (_run_server)] [cli_server/cli_server.py:212]: CLI server started v1.1.2
2026-06-18 14:16:10,462 [INFO] [MainThread] [cli_server/cli_server.py:104]: Log pipe server started
2026-06-18 14:16:10,462 [ERROR] [MainThread] [root/main.py:76]: Another instance of the YASB is already running.
2026-06-18 14:21:36,765 [INFO] [MainThread] [root/controller.py:35]: Exiting Application...
2026-06-18 14:21:36,872 [INFO] [MainThread] [cli_server/cli_server.py:112]: Log pipe server stopped
2026-06-18 14:21:36,872 [DEBUG] [MainThread] [cli_server/cli_server.py:206]: CLI server stopped
2026-06-18 14:21:37,081 [INFO] [MainThread] [root/bar_manager.py:92]: Stopping KomorebiEventListener...
2026-06-18 14:21:37,081 [INFO] [MainThread] [root/bar_manager.py:92]: Stopping SystemEventListener...
2026-06-18 14:21:37,103 [DEBUG] [MainThread] [qasync._windows._EventPoller/_windows.py:220]: Stopping worker thread...
2026-06-18 14:21:37,103 [INFO] [Dummy-5] [root/event_listener.py:92]: Attempting to reconnect to Komorebi...
2026-06-18 14:21:37,104 [DEBUG] [Dummy-9] [qasync._windows._EventWorker/_windows.py:204]: Exiting thread
2026-06-18 14:21:37,106 [DEBUG] [MainThread] [qasync._windows._IocpProactor/_windows.py:78]: Closing
2026-06-18 14:22:23,556 [INFO] [MainThread] [root/log.py:59]: YASB v1.8.3
2026-06-18 14:22:23,557 [INFO] [Thread-1 (_run_server)] [cli_server/cli_server.py:212]: CLI server started v1.1.2
2026-06-18 14:22:23,557 [INFO] [MainThread] [cli_server/cli_server.py:104]: Log pipe server started
2026-06-18 14:22:24,522 [DEBUG] [MainThread] [tzlocal/win32.py:55]: Looking up time zone info from registry
2026-06-18 14:22:26,970 [DEBUG] [MainThread] [comtypes/__init__.py:149]: CoInitializeEx(None, 2)
2026-06-18 14:22:28,839 [INFO] [MainThread] [root/bar_manager.py:85]: Starting KomorebiEventListener...
2026-06-18 14:22:28,839 [INFO] [MainThread] [root/bar_manager.py:85]: Starting SystemEventListener...
2026-06-18 14:22:28,839 [INFO] [MainThread] [root/watcher.py:54]: Created file watcher for path C:\Users\daniel\.config\yasb
2026-06-18 14:22:28,840 [INFO] [Dummy-5] [root/event_listener.py:51]: Created named pipe yasb-14bcbb0b-6ade-11f1-aa3c-0a6230508fc5
2026-06-18 14:22:29,487 [DEBUG] [MainThread] [qasync._windows._EventPoller/_windows.py:215]: Starting (proactor: <_IocpProactor overlapped#=0 result#=0>)...
2026-06-18 14:22:29,488 [INFO] [Dummy-5] [root/event_listener.py:125]: Komorebi connected to named pipe: yasb-14bcbb0b-6ade-11f1-aa3c-0a6230508fc5
2026-06-18 14:22:29,488 [DEBUG] [Dummy-9] [qasync._windows._EventWorker/_windows.py:195]: Thread started
2026-06-18 14:22:29,809 [INFO] [MainThread] [root/api.py:69]: Fetching new weather data at 2026-06-18 14:22:29.809481
2026-06-18 14:22:46,634 [INFO] [MainThread] [root/log.py:59]: YASB v1.8.3
2026-06-18 14:22:46,635 [INFO] [Thread-1 (_run_server)] [cli_server/cli_server.py:212]: CLI server started v1.1.2
2026-06-18 14:22:46,635 [INFO] [MainThread] [cli_server/cli_server.py:104]: Log pipe server started
2026-06-18 14:22:46,635 [ERROR] [MainThread] [root/main.py:76]: Another instance of the YASB is already running.
2026-06-18 14:27:17,057 [INFO] [MainThread] [root/controller.py:35]: Exiting Application...
2026-06-18 14:27:17,162 [INFO] [MainThread] [cli_server/cli_server.py:112]: Log pipe server stopped
2026-06-18 14:27:17,163 [DEBUG] [MainThread] [cli_server/cli_server.py:206]: CLI server stopped
2026-06-18 14:27:17,432 [INFO] [MainThread] [root/bar_manager.py:92]: Stopping KomorebiEventListener...
2026-06-18 14:27:17,432 [INFO] [MainThread] [root/bar_manager.py:92]: Stopping SystemEventListener...
2026-06-18 14:27:17,437 [INFO] [Dummy-5] [root/event_listener.py:92]: Attempting to reconnect to Komorebi...
2026-06-18 14:27:17,471 [DEBUG] [MainThread] [qasync._windows._EventPoller/_windows.py:220]: Stopping worker thread...
2026-06-18 14:27:17,471 [DEBUG] [Dummy-9] [qasync._windows._EventWorker/_windows.py:204]: Exiting thread
2026-06-18 14:27:17,476 [DEBUG] [MainThread] [qasync._windows._IocpProactor/_windows.py:78]: Closing
2026-06-18 14:28:04,986 [INFO] [MainThread] [root/log.py:59]: YASB v1.8.3
2026-06-18 14:28:04,987 [INFO] [Thread-1 (_run_server)] [cli_server/cli_server.py:212]: CLI server started v1.1.2
2026-06-18 14:28:04,987 [INFO] [MainThread] [cli_server/cli_server.py:104]: Log pipe server started
2026-06-18 14:28:05,846 [DEBUG] [MainThread] [tzlocal/win32.py:55]: Looking up time zone info from registry
2026-06-18 14:28:08,478 [DEBUG] [MainThread] [comtypes/__init__.py:149]: CoInitializeEx(None, 2)
2026-06-18 14:28:10,079 [INFO] [MainThread] [root/bar_manager.py:85]: Starting KomorebiEventListener...
2026-06-18 14:28:10,079 [INFO] [MainThread] [root/bar_manager.py:85]: Starting SystemEventListener...
2026-06-18 14:28:10,080 [INFO] [MainThread] [root/watcher.py:54]: Created file watcher for path C:\Users\daniel\.config\yasb
2026-06-18 14:28:10,480 [INFO] [Dummy-5] [root/event_listener.py:51]: Created named pipe yasb-e021ced5-6ade-11f1-bd32-0a6230508fc5
2026-06-18 14:28:10,684 [DEBUG] [MainThread] [qasync._windows._EventPoller/_windows.py:215]: Starting (proactor: <_IocpProactor overlapped#=0 result#=0>)...
2026-06-18 14:28:10,686 [DEBUG] [Dummy-9] [qasync._windows._EventWorker/_windows.py:195]: Thread started
2026-06-18 14:28:10,686 [INFO] [Dummy-5] [root/event_listener.py:125]: Komorebi connected to named pipe: yasb-e021ced5-6ade-11f1-bd32-0a6230508fc5
2026-06-18 14:28:11,009 [INFO] [MainThread] [root/api.py:69]: Fetching new weather data at 2026-06-18 14:28:11.009034
2026-06-18 14:28:16,192 [INFO] [MainThread] [root/log.py:59]: YASB v1.8.3
2026-06-18 14:28:16,193 [INFO] [Thread-1 (_run_server)] [cli_server/cli_server.py:212]: CLI server started v1.1.2
2026-06-18 14:28:16,193 [INFO] [MainThread] [cli_server/cli_server.py:104]: Log pipe server started
2026-06-18 14:28:16,193 [ERROR] [MainThread] [root/main.py:76]: Another instance of the YASB is already running.
2026-06-18 14:29:23,697 [INFO] [MainThread] [root/controller.py:35]: Exiting Application...
2026-06-18 14:29:23,799 [INFO] [MainThread] [cli_server/cli_server.py:112]: Log pipe server stopped
2026-06-18 14:29:23,799 [DEBUG] [MainThread] [cli_server/cli_server.py:206]: CLI server stopped
2026-06-18 14:29:24,123 [INFO] [MainThread] [root/bar_manager.py:92]: Stopping KomorebiEventListener...
2026-06-18 14:29:24,123 [INFO] [MainThread] [root/bar_manager.py:92]: Stopping SystemEventListener...
2026-06-18 14:29:24,135 [INFO] [Dummy-5] [root/event_listener.py:92]: Attempting to reconnect to Komorebi...
2026-06-18 14:29:24,143 [DEBUG] [MainThread] [qasync._windows._EventPoller/_windows.py:220]: Stopping worker thread...
2026-06-18 14:29:24,156 [DEBUG] [Dummy-9] [qasync._windows._EventWorker/_windows.py:204]: Exiting thread
2026-06-18 14:29:24,157 [DEBUG] [MainThread] [qasync._windows._IocpProactor/_windows.py:78]: Closing
2026-06-18 14:30:17,457 [INFO] [MainThread] [root/log.py:59]: YASB v1.8.3
2026-06-18 14:30:17,459 [INFO] [Thread-1 (_run_server)] [cli_server/cli_server.py:212]: CLI server started v1.1.2
2026-06-18 14:30:17,459 [INFO] [MainThread] [cli_server/cli_server.py:104]: Log pipe server started
2026-06-18 14:30:18,540 [DEBUG] [MainThread] [tzlocal/win32.py:55]: Looking up time zone info from registry
2026-06-18 14:30:21,233 [DEBUG] [MainThread] [comtypes/__init__.py:149]: CoInitializeEx(None, 2)
2026-06-18 14:30:22,554 [INFO] [MainThread] [root/bar_manager.py:85]: Starting SystemEventListener...
2026-06-18 14:30:22,555 [INFO] [MainThread] [root/bar_manager.py:85]: Starting KomorebiEventListener...
2026-06-18 14:30:22,555 [INFO] [MainThread] [root/watcher.py:54]: Created file watcher for path C:\Users\daniel\.config\yasb
2026-06-18 14:30:22,556 [INFO] [Dummy-5] [root/event_listener.py:51]: Created named pipe yasb-2f180cd9-6adf-11f1-b18a-0a6230508fc5
2026-06-18 14:30:23,063 [INFO] [Dummy-5] [root/event_listener.py:125]: Komorebi connected to named pipe: yasb-2f180cd9-6adf-11f1-b18a-0a6230508fc5
2026-06-18 14:30:23,342 [DEBUG] [MainThread] [qasync._windows._EventPoller/_windows.py:215]: Starting (proactor: <_IocpProactor overlapped#=0 result#=0>)...
2026-06-18 14:30:23,344 [DEBUG] [Dummy-9] [qasync._windows._EventWorker/_windows.py:195]: Thread started
2026-06-18 14:30:23,505 [INFO] [MainThread] [root/api.py:69]: Fetching new weather data at 2026-06-18 14:30:23.505722
2026-06-18 14:30:42,476 [INFO] [MainThread] [root/log.py:59]: YASB v1.8.3
2026-06-18 14:30:42,477 [INFO] [Thread-1 (_run_server)] [cli_server/cli_server.py:212]: CLI server started v1.1.2
2026-06-18 14:30:42,477 [INFO] [MainThread] [cli_server/cli_server.py:104]: Log pipe server started
2026-06-18 14:30:42,477 [ERROR] [MainThread] [root/main.py:76]: Another instance of the YASB is already running.
2026-06-18 14:40:22,096 [INFO] [MainThread] [root/api.py:69]: Fetching new weather data at 2026-06-18 14:40:22.096345
2026-06-18 14:45:38,917 [INFO] [MainThread] [root/controller.py:35]: Exiting Application...
2026-06-18 14:45:39,033 [INFO] [MainThread] [cli_server/cli_server.py:112]: Log pipe server stopped
2026-06-18 14:45:39,033 [DEBUG] [MainThread] [cli_server/cli_server.py:206]: CLI server stopped
2026-06-18 14:45:39,205 [INFO] [MainThread] [root/bar_manager.py:92]: Stopping SystemEventListener...
2026-06-18 14:45:39,206 [INFO] [MainThread] [root/bar_manager.py:92]: Stopping KomorebiEventListener...
2026-06-18 14:45:39,228 [DEBUG] [MainThread] [qasync._windows._EventPoller/_windows.py:220]: Stopping worker thread...
2026-06-18 14:45:39,234 [DEBUG] [Dummy-9] [qasync._windows._EventWorker/_windows.py:204]: Exiting thread
2026-06-18 14:45:39,238 [DEBUG] [MainThread] [qasync._windows._IocpProactor/_windows.py:78]: Closing
2026-06-18 14:45:39,240 [INFO] [Dummy-5] [root/event_listener.py:92]: Attempting to reconnect to Komorebi...
2026-06-18 14:46:44,709 [INFO] [MainThread] [root/log.py:59]: YASB v1.8.3
2026-06-18 14:46:44,711 [INFO] [Thread-1 (_run_server)] [cli_server/cli_server.py:212]: CLI server started v1.1.2
2026-06-18 14:46:44,711 [INFO] [MainThread] [cli_server/cli_server.py:104]: Log pipe server started
2026-06-18 14:46:45,888 [DEBUG] [MainThread] [tzlocal/win32.py:55]: Looking up time zone info from registry
2026-06-18 14:46:48,280 [DEBUG] [MainThread] [comtypes/__init__.py:149]: CoInitializeEx(None, 2)
2026-06-18 14:46:49,603 [INFO] [MainThread] [root/bar_manager.py:85]: Starting SystemEventListener...
2026-06-18 14:46:49,603 [INFO] [MainThread] [root/bar_manager.py:85]: Starting KomorebiEventListener...
2026-06-18 14:46:49,603 [INFO] [MainThread] [root/watcher.py:54]: Created file watcher for path C:\Users\daniel\.config\yasb
2026-06-18 14:46:49,604 [INFO] [Dummy-5] [root/event_listener.py:51]: Created named pipe yasb-7b6bb2d8-6ae1-11f1-a50a-0a6230508fc5
2026-06-18 14:46:50,311 [DEBUG] [MainThread] [qasync._windows._EventPoller/_windows.py:215]: Starting (proactor: <_IocpProactor overlapped#=0 result#=0>)...
2026-06-18 14:46:50,326 [DEBUG] [Dummy-9] [qasync._windows._EventWorker/_windows.py:195]: Thread started
2026-06-18 14:46:50,642 [INFO] [MainThread] [root/api.py:69]: Fetching new weather data at 2026-06-18 14:46:50.642360
2026-06-18 14:47:19,399 [INFO] [MainThread] [root/log.py:59]: YASB v1.8.3
2026-06-18 14:47:19,400 [INFO] [Thread-1 (_run_server)] [cli_server/cli_server.py:212]: CLI server started v1.1.2
2026-06-18 14:47:19,400 [INFO] [MainThread] [cli_server/cli_server.py:104]: Log pipe server started
2026-06-18 14:47:19,400 [ERROR] [MainThread] [root/main.py:76]: Another instance of the YASB is already running.
2026-06-18 14:47:25,717 [INFO] [Dummy-5] [root/event_listener.py:125]: Komorebi connected to named pipe: yasb-7b6bb2d8-6ae1-11f1-a50a-0a6230508fc5
2026-06-18 14:56:49,058 [INFO] [MainThread] [root/api.py:69]: Fetching new weather data at 2026-06-18 14:56:49.058926
2026-06-18 15:06:49,090 [INFO] [MainThread] [root/api.py:69]: Fetching new weather data at 2026-06-18 15:06:49.090829
2026-06-18 15:16:49,093 [INFO] [MainThread] [root/api.py:69]: Fetching new weather data at 2026-06-18 15:16:49.093293
2026-06-18 15:26:49,053 [INFO] [MainThread] [root/api.py:69]: Fetching new weather data at 2026-06-18 15:26:49.053058
2026-06-18 15:36:50,057 [INFO] [MainThread] [root/api.py:69]: Fetching new weather data at 2026-06-18 15:36:50.057221
2026-06-18 15:46:49,054 [INFO] [MainThread] [root/api.py:69]: Fetching new weather data at 2026-06-18 15:46:49.054498
2026-06-18 15:56:49,100 [INFO] [MainThread] [root/api.py:69]: Fetching new weather data at 2026-06-18 15:56:49.100174
2026-06-18 16:06:49,050 [INFO] [MainThread] [root/api.py:69]: Fetching new weather data at 2026-06-18 16:06:49.049779
2026-06-18 16:16:49,185 [INFO] [MainThread] [root/api.py:69]: Fetching new weather data at 2026-06-18 16:16:49.185934
2026-06-18 16:26:49,112 [INFO] [MainThread] [root/api.py:69]: Fetching new weather data at 2026-06-18 16:26:49.112179
2026-06-18 16:36:49,064 [INFO] [MainThread] [root/api.py:69]: Fetching new weather data at 2026-06-18 16:36:49.064909
2026-06-18 16:46:49,054 [INFO] [MainThread] [root/api.py:69]: Fetching new weather data at 2026-06-18 16:46:49.054700
2026-06-18 16:56:49,054 [INFO] [MainThread] [root/api.py:69]: Fetching new weather data at 2026-06-18 16:56:49.054963
2026-06-18 17:06:49,081 [INFO] [MainThread] [root/api.py:69]: Fetching new weather data at 2026-06-18 17:06:49.081765
2026-06-18 17:16:49,052 [INFO] [MainThread] [root/api.py:69]: Fetching new weather data at 2026-06-18 17:16:49.052092
2026-06-18 17:26:49,059 [INFO] [MainThread] [root/api.py:69]: Fetching new weather data at 2026-06-18 17:26:49.059287
2026-06-18 17:36:49,073 [INFO] [MainThread] [root/api.py:69]: Fetching new weather data at 2026-06-18 17:36:49.073005
2026-06-18 17:46:49,080 [INFO] [MainThread] [root/api.py:69]: Fetching new weather data at 2026-06-18 17:46:49.080375
2026-06-18 17:56:49,067 [INFO] [MainThread] [root/api.py:69]: Fetching new weather data at 2026-06-18 17:56:49.067592
2026-06-18 18:06:49,070 [INFO] [MainThread] [root/api.py:69]: Fetching new weather data at 2026-06-18 18:06:49.070749
2026-06-18 18:16:49,050 [INFO] [MainThread] [root/api.py:69]: Fetching new weather data at 2026-06-18 18:16:49.050368
2026-06-18 18:26:49,061 [INFO] [MainThread] [root/api.py:69]: Fetching new weather data at 2026-06-18 18:26:49.061016
2026-06-18 18:36:49,059 [INFO] [MainThread] [root/api.py:69]: Fetching new weather data at 2026-06-18 18:36:49.059770
2026-06-18 18:46:49,114 [INFO] [MainThread] [root/api.py:69]: Fetching new weather data at 2026-06-18 18:46:49.114586
2026-06-18 18:50:18,675 [WARNING] [Dummy-5] [root/event_listener.py:82]: Pipe has been ended: (109, 'PeekNamedPipe', 'The pipe has been ended.')
2026-06-18 18:50:18,675 [INFO] [Dummy-5] [root/event_listener.py:92]: Attempting to reconnect to Komorebi...
2026-06-18 18:50:21,676 [INFO] [Dummy-5] [root/event_listener.py:51]: Created named pipe yasb-7b6bb2d8-6ae1-11f1-a50a-0a6230508fc5
2026-06-18 18:51:38,246 [INFO] [Dummy-5] [root/event_listener.py:125]: Komorebi connected to named pipe: yasb-7b6bb2d8-6ae1-11f1-a50a-0a6230508fc5
2026-06-18 18:56:49,059 [INFO] [MainThread] [root/api.py:69]: Fetching new weather data at 2026-06-18 18:56:49.059668
2026-06-18 19:06:49,099 [INFO] [MainThread] [root/api.py:69]: Fetching new weather data at 2026-06-18 19:06:49.099930
2026-06-18 19:16:49,048 [INFO] [MainThread] [root/api.py:69]: Fetching new weather data at 2026-06-18 19:16:49.048056
2026-06-18 19:26:49,111 [INFO] [MainThread] [root/api.py:69]: Fetching new weather data at 2026-06-18 19:26:49.111756
